Using pre-set license
Built from '2021.3/staging' branch; Version is '2021.3.18f1 (3129e69bc0c7) revision 3221990'; Using compiler version '192829333'; Build Type 'Release'
OS: 'Windows 11  (10.0.22621) 64bit CoreSingleLanguage' Language: 'en' Physical Memory: 7530 MB
BatchMode: 1, IsHumanControllingUs: 0, StartBugReporterOnCrash: 0, Is64bit: 1, IsPro: 1

COMMAND LINE ARGUMENTS:
C:\Program Files\Unity\Hub\Editor\2021.3.18f1\Editor\Unity.exe
-adb2
-batchMode
-noUpm
-name
AssetImportWorker4
-projectPath
C:/Users/TeJeSwEe/Snow-Terrainn
-logFile
Logs/AssetImportWorker4.log
-srvPort
62142
Successfully changed project path to: C:/Users/TeJeSwEe/Snow-Terrainn
C:/Users/TeJeSwEe/Snow-Terrainn
[UnityMemory] Configuration Parameters - Can be set up in boot.config
    "memorysetup-bucket-allocator-granularity=16"
    "memorysetup-bucket-allocator-bucket-count=8"
    "memorysetup-bucket-allocator-block-size=33554432"
    "memorysetup-bucket-allocator-block-count=8"
    "memorysetup-main-allocator-block-size=16777216"
    "memorysetup-thread-allocator-block-size=16777216"
    "memorysetup-gfx-main-allocator-block-size=16777216"
    "memorysetup-gfx-thread-allocator-block-size=16777216"
    "memorysetup-cache-allocator-block-size=4194304"
    "memorysetup-typetree-allocator-block-size=2097152"
    "memorysetup-profiler-bucket-allocator-granularity=16"
    "memorysetup-profiler-bucket-allocator-bucket-count=8"
    "memorysetup-profiler-bucket-allocator-block-size=33554432"
    "memorysetup-profiler-bucket-allocator-block-count=8"
    "memorysetup-profiler-allocator-block-size=16777216"
    "memorysetup-profiler-editor-allocator-block-size=1048576"
    "memorysetup-temp-allocator-size-main=16777216"
    "memorysetup-job-temp-allocator-block-size=2097152"
    "memorysetup-job-temp-allocator-block-size-background=1048576"
    "memorysetup-job-temp-allocator-reduction-small-platforms=262144"
    "memorysetup-temp-allocator-size-background-worker=32768"
    "memorysetup-temp-allocator-size-job-worker=262144"
    "memorysetup-temp-allocator-size-preload-manager=33554432"
    "memorysetup-temp-allocator-size-nav-mesh-worker=65536"
    "memorysetup-temp-allocator-size-audio-worker=65536"
    "memorysetup-temp-allocator-size-cloud-worker=32768"
    "memorysetup-temp-allocator-size-gi-baking-worker=262144"
    "memorysetup-temp-allocator-size-gfx=262144"
Player connection [2904] Host "[IP] 192.168.56.1 [Port] 0 [Flags] 2 [Guid] 24549268 [EditorId] 24549268 [Version] 1048832 [Id] WindowsEditor(7,LAPTOP-AS9ILO3B) [Debug] 1 [PackageName] WindowsEditor [ProjectName] Editor" joined multi-casting on [225.0.0.222:54997]...

Player connection [2904] Host "[IP] 192.168.56.1 [Port] 0 [Flags] 2 [Guid] 24549268 [EditorId] 24549268 [Version] 1048832 [Id] WindowsEditor(7,LAPTOP-AS9ILO3B) [Debug] 1 [PackageName] WindowsEditor [ProjectName] Editor" joined alternative multi-casting on [225.0.0.222:34997]...

Refreshing native plugins compatible for Editor in 206.96 ms, found 3 plugins.
Preloading 0 native plugins for Editor in 0.00 ms.
Initialize engine version: 2021.3.18f1 (3129e69bc0c7)
[Subsystems] Discovering subsystems at path C:/Program Files/Unity/Hub/Editor/2021.3.18f1/Editor/Data/Resources/UnitySubsystems
[Subsystems] Discovering subsystems at path C:/Users/TeJeSwEe/Snow-Terrainn/Assets
GfxDevice: creating device client; threaded=0; jobified=0
Direct3D:
    Version:  Direct3D 11.0 [level 11.1]
    Renderer: NVIDIA GeForce GTX 1650 (ID=0x1f9d)
    Vendor:   NVIDIA
    VRAM:     3962 MB
    Driver:   27.21.14.5734
Initialize mono
Mono path[0] = 'C:/Program Files/Unity/Hub/Editor/2021.3.18f1/Editor/Data/Managed'
Mono path[1] = 'C:/Program Files/Unity/Hub/Editor/2021.3.18f1/Editor/Data/MonoBleedingEdge/lib/mono/unityjit-win32'
Mono config path = 'C:/Program Files/Unity/Hub/Editor/2021.3.18f1/Editor/Data/MonoBleedingEdge/etc'
Using monoOptions --debugger-agent=transport=dt_socket,embedding=1,server=y,suspend=n,address=127.0.0.1:56128
Begin MonoManager ReloadAssembly
Registering precompiled unity dll's ...
Register platform support module: C:/Program Files/Unity/Hub/Editor/2021.3.18f1/Editor/Data/PlaybackEngines/WebGLSupport/UnityEditor.WebGL.Extensions.dll
Register platform support module: C:/Program Files/Unity/Hub/Editor/2021.3.18f1/Editor/Data/PlaybackEngines/WindowsStandaloneSupport/UnityEditor.WindowsStandalone.Extensions.dll
Registered in 0.010227 seconds.
Native extension for WindowsStandalone target not found
Native extension for WebGL target not found
Refreshing native plugins compatible for Editor in 201.71 ms, found 3 plugins.
Preloading 0 native plugins for Editor in 0.00 ms.
Mono: successfully reloaded assembly
- Completed reload, in  1.424 seconds
Domain Reload Profiling:
	ReloadAssembly (1425ms)
		BeginReloadAssembly (157ms)
			ExecutionOrderSort (0ms)
			DisableScriptedObjects (0ms)
			BackupInstance (0ms)
			ReleaseScriptingObjects (0ms)
			CreateAndSetChildDomain (2ms)
		EndReloadAssembly (1043ms)
			LoadAssemblies (152ms)
			RebuildTransferFunctionScriptingTraits (0ms)
			SetupTypeCache (259ms)
			ReleaseScriptCaches (0ms)
			RebuildScriptCaches (61ms)
			SetupLoadedEditorAssemblies (587ms)
				LogAssemblyErrors (0ms)
				InitializePlatformSupportModulesInManaged (16ms)
				SetLoadedEditorAssemblies (0ms)
				RefreshPlugins (202ms)
				BeforeProcessingInitializeOnLoad (6ms)
				ProcessInitializeOnLoadAttributes (250ms)
				ProcessInitializeOnLoadMethodAttributes (112ms)
				AfterProcessingInitializeOnLoad (0ms)
				EditorAssembliesLoaded (0ms)
			ExecutionOrderSort2 (0ms)
			AwakeInstancesAfterBackupRestoration (0ms)
Platform modules already initialized, skipping
Registering precompiled user dll's ...
Registered in 0.009414 seconds.
Begin MonoManager ReloadAssembly
Symbol file LoadedFromMemory doesn't match image C:\Users\TeJeSwEe\Snow-Terrainn\Library\PackageCache\com.unity.visualscripting@1.8.0\Editor\VisualScripting.Core\Dependencies\YamlDotNet\Unity.VisualScripting.YamlDotNet.dll
Symbol file LoadedFromMemory doesn't match image C:\Users\TeJeSwEe\Snow-Terrainn\Library\PackageCache\com.unity.visualscripting@1.8.0\Editor\VisualScripting.Core\Dependencies\DotNetZip\Unity.VisualScripting.IonicZip.dll
Native extension for WindowsStandalone target not found
Native extension for WebGL target not found
Refreshing native plugins compatible for Editor in 1.06 ms, found 3 plugins.
Preloading 0 native plugins for Editor in 0.00 ms.
Mono: successfully reloaded assembly
- Completed reload, in  2.356 seconds
Domain Reload Profiling:
	ReloadAssembly (2359ms)
		BeginReloadAssembly (215ms)
			ExecutionOrderSort (0ms)
			DisableScriptedObjects (11ms)
			BackupInstance (0ms)
			ReleaseScriptingObjects (0ms)
			CreateAndSetChildDomain (37ms)
		EndReloadAssembly (1891ms)
			LoadAssemblies (166ms)
			RebuildTransferFunctionScriptingTraits (0ms)
			SetupTypeCache (603ms)
			ReleaseScriptCaches (1ms)
			RebuildScriptCaches (148ms)
			SetupLoadedEditorAssemblies (859ms)
				LogAssemblyErrors (0ms)
				InitializePlatformSupportModulesInManaged (13ms)
				SetLoadedEditorAssemblies (1ms)
				RefreshPlugins (1ms)
				BeforeProcessingInitializeOnLoad (191ms)
				ProcessInitializeOnLoadAttributes (598ms)
				ProcessInitializeOnLoadMethodAttributes (41ms)
				AfterProcessingInitializeOnLoad (13ms)
				EditorAssembliesLoaded (0ms)
			ExecutionOrderSort2 (0ms)
			AwakeInstancesAfterBackupRestoration (16ms)
Platform modules already initialized, skipping
========================================================================
Worker process is ready to serve import requests
Launched and connected shader compiler UnityShaderCompiler.exe after 0.11 seconds
Refreshing native plugins compatible for Editor in 1.69 ms, found 3 plugins.
Preloading 0 native plugins for Editor in 0.00 ms.
Unloading 3061 Unused Serialized files (Serialized files now loaded: 0)
Unloading 24 unused Assets / (113.6 KB). Loaded Objects now: 3536.
Memory consumption went from 137.2 MB to 137.1 MB.
Total: 7.838300 ms (FindLiveObjects: 0.601600 ms CreateObjectMapping: 0.186600 ms MarkObjects: 6.795600 ms  DeleteObjects: 0.251700 ms)

AssetImportParameters requested are different than current active one (requested -> active):
  custom:video-decoder-ogg-theora: a1e56fd34408186e4bbccfd4996cb3dc -> 
  custom:container-muxer-webm: aa71ff27fc2769a1b78a27578f13a17b -> 
  custom:container-demuxer-webm: 4f35f7cbe854078d1ac9338744f61a02 -> 
  custom:video-encoder-webm-vp8: eb34c28f22e8b96e1ab97ce403110664 -> 
  custom:audio-encoder-webm-vorbis: bf7c407c2cedff20999df2af8eb42d56 -> 
  custom:framework-win-MediaFoundation: 216162199b28c13a410421893ffa2e32 -> 
  custom:container-demuxer-ogg: 62fdf1f143b41e24485cea50d1cbac27 -> 
  custom:video-decoder-webm-vp8: 9c59270c3fd7afecdb556c50c9e8de78 -> 
  custom:audio-decoder-ogg-vorbis: bf7c407c2cedff20999df2af8eb42d56 -> 
========================================================================
Received Import Request.
  Time since last request: 90642.479126 seconds.
  path: Assets/Paid/Snowy Cliff Materials Pack/Materials
  artifactKey: Guid(8e3e9e801e565dd43a8b7293fbaed062) Importer(815301076,1909f56bfc062723c751e8b465ee728b)
Start importing Assets/Paid/Snowy Cliff Materials Pack/Materials using Guid(8e3e9e801e565dd43a8b7293fbaed062) Importer(815301076,1909f56bfc062723c751e8b465ee728b)  -> (artifact id: 'a5e4c4361126947430033a28dcd208df') in 0.029891 seconds 
========================================================================
Received Import Request.
  Time since last request: 0.043325 seconds.
  path: Assets/Paid/Snowy Cliff Materials Pack/Materials/Cliff1 Displacement.mat
  artifactKey: Guid(2559d786508e3754c963f69c8b53b67e) Importer(815301076,1909f56bfc062723c751e8b465ee728b)
Start importing Assets/Paid/Snowy Cliff Materials Pack/Materials/Cliff1 Displacement.mat using Guid(2559d786508e3754c963f69c8b53b67e) Importer(815301076,1909f56bfc062723c751e8b465ee728b)  -> (artifact id: '217e3330fa523105a3c9399b0f44c8f3') in 0.893946 seconds 
========================================================================
Received Import Request.
  Time since last request: 0.000092 seconds.
  path: Assets/Paid/Snowy Cliff Materials Pack/Materials/Cliff3 Tess Demo.mat
  artifactKey: Guid(4ca2905c79414404cbd8872a7f3ca25f) Importer(815301076,1909f56bfc062723c751e8b465ee728b)
Start importing Assets/Paid/Snowy Cliff Materials Pack/Materials/Cliff3 Tess Demo.mat using Guid(4ca2905c79414404cbd8872a7f3ca25f) Importer(815301076,1909f56bfc062723c751e8b465ee728b)  -> (artifact id: '6c5fac6e9537c8b631af61fe3d655b08') in 0.070908 seconds 
========================================================================
Received Import Request.
  Time since last request: 7.338772 seconds.
  path: Assets/Paid/Snowy Cliff Materials Pack/Textures
  artifactKey: Guid(703c60b8608ce77438bea0e701176fdf) Importer(815301076,1909f56bfc062723c751e8b465ee728b)
Start importing Assets/Paid/Snowy Cliff Materials Pack/Textures using Guid(703c60b8608ce77438bea0e701176fdf) Importer(815301076,1909f56bfc062723c751e8b465ee728b)  -> (artifact id: '8b35a4f6fac7bd8b6c779785dd86a0a7') in 0.026049 seconds 
========================================================================
Received Import Request.
  Time since last request: 1.135335 seconds.
  path: Assets/Paid/Snowy Cliff Materials Pack/Textures/CliffSnow 1
  artifactKey: Guid(f8db3bb327e1ccd47844f2af6d3d8d14) Importer(815301076,1909f56bfc062723c751e8b465ee728b)
Start importing Assets/Paid/Snowy Cliff Materials Pack/Textures/CliffSnow 1 using Guid(f8db3bb327e1ccd47844f2af6d3d8d14) Importer(815301076,1909f56bfc062723c751e8b465ee728b)  -> (artifact id: 'e290d93e1c449b72cf64536c76c5a195') in 0.015787 seconds 
========================================================================
Received Import Request.
  Time since last request: 3.894643 seconds.
  path: Assets/Paid/Snowy Cliff Materials Pack/Textures/CliffSnow 2
  artifactKey: Guid(e9ee23f22770d5d438eb9b9326624a72) Importer(815301076,1909f56bfc062723c751e8b465ee728b)
Start importing Assets/Paid/Snowy Cliff Materials Pack/Textures/CliffSnow 2 using Guid(e9ee23f22770d5d438eb9b9326624a72) Importer(815301076,1909f56bfc062723c751e8b465ee728b)  -> (artifact id: '300278090a490d31192e79c5a77f5712') in 0.014802 seconds 
========================================================================
Received Import Request.
  Time since last request: 2.440344 seconds.
  path: Assets/Paid/Snowy Cliff Materials Pack/Textures/CliffSnow 3
  artifactKey: Guid(e12ac8e6bdfd6d8428675323eac82b7b) Importer(815301076,1909f56bfc062723c751e8b465ee728b)
Start importing Assets/Paid/Snowy Cliff Materials Pack/Textures/CliffSnow 3 using Guid(e12ac8e6bdfd6d8428675323eac82b7b) Importer(815301076,1909f56bfc062723c751e8b465ee728b)  -> (artifact id: '546883d16e647eb1287ca160974d80a1') in 0.015723 seconds 
========================================================================
Received Import Request.
  Time since last request: 0.063705 seconds.
  path: Assets/Paid/Snowy Cliff Materials Pack/Textures/CliffSnow 3/Cliff Snow 3_4K_Displacement.tga
  artifactKey: Guid(fae9bfb59751f7b4697b8af58792898a) Importer(815301076,1909f56bfc062723c751e8b465ee728b)
Start importing Assets/Paid/Snowy Cliff Materials Pack/Textures/CliffSnow 3/Cliff Snow 3_4K_Displacement.tga using Guid(fae9bfb59751f7b4697b8af58792898a) Importer(815301076,1909f56bfc062723c751e8b465ee728b)  -> (artifact id: '50d2e9bf8f226a69a7a452f4165f9cff') in 0.059804 seconds 
========================================================================
Received Import Request.
  Time since last request: 0.000043 seconds.
  path: Assets/Paid/Snowy Cliff Materials Pack/Textures/CliffSnow 3/Cliff Snow 3_4K_Normal.tga
  artifactKey: Guid(18229f0b70ac7804d99af11d4e110655) Importer(815301076,1909f56bfc062723c751e8b465ee728b)
Start importing Assets/Paid/Snowy Cliff Materials Pack/Textures/CliffSnow 3/Cliff Snow 3_4K_Normal.tga using Guid(18229f0b70ac7804d99af11d4e110655) Importer(815301076,1909f56bfc062723c751e8b465ee728b)  -> (artifact id: '287bd9522889cf27c48b25508010bd45') in 0.049507 seconds 
========================================================================
Received Import Request.
  Time since last request: 62.864323 seconds.
  path: Assets/Conifers [BOTD]/Render Pipeline Support/Built-in RP/Prefabs/PF Conifer Bare BOTD.prefab
  artifactKey: Guid(539fa9bc6500e44708e0f7b2c78cbefe) Importer(815301076,1909f56bfc062723c751e8b465ee728b)
Start importing Assets/Conifers [BOTD]/Render Pipeline Support/Built-in RP/Prefabs/PF Conifer Bare BOTD.prefab using Guid(539fa9bc6500e44708e0f7b2c78cbefe) Importer(815301076,1909f56bfc062723c751e8b465ee728b)  -> (artifact id: 'ac6ea43bada3437dd3d77bcbaca1d181') in 3.124242 seconds 
========================================================================
Received Import Request.
  Time since last request: 0.000049 seconds.
  path: Assets/Conifers [BOTD]/Render Pipeline Support/Built-in RP/Prefabs/PF Conifer Small BOTD.prefab
  artifactKey: Guid(7e3c80b421a0d465b80b8e51a763ea9c) Importer(815301076,1909f56bfc062723c751e8b465ee728b)
Start importing Assets/Conifers [BOTD]/Render Pipeline Support/Built-in RP/Prefabs/PF Conifer Small BOTD.prefab using Guid(7e3c80b421a0d465b80b8e51a763ea9c) Importer(815301076,1909f56bfc062723c751e8b465ee728b)  -> (artifact id: 'f0a1913ab09e29382db8fabc4728b04a') in 1.561350 seconds 
========================================================================
Received Import Request.
  Time since last request: 0.000072 seconds.
  path: Assets/Conifers [BOTD]/Render Pipeline Support/Built-in RP/CTI Runtime Components/PF CTI Windzone.prefab
  artifactKey: Guid(eaf383cb55cf38f448529df28e28abba) Importer(815301076,1909f56bfc062723c751e8b465ee728b)
Start importing Assets/Conifers [BOTD]/Render Pipeline Support/Built-in RP/CTI Runtime Components/PF CTI Windzone.prefab using Guid(eaf383cb55cf38f448529df28e28abba) Importer(815301076,1909f56bfc062723c751e8b465ee728b)  -> (artifact id: '1ae0d952038a8e863e549933ed6f0649') in 0.042785 seconds 
Editor requested this worker to shutdown with reason: Scaling down because of idle timeout
AssetImportWorker is now disconnected from the server
Process exiting
Exiting without the bug reporter. Application will terminate with return code 0