Using pre-set license
Built from '2021.3/staging' branch; Version is '2021.3.18f1 (3129e69bc0c7) revision 3221990'; Using compiler version '192829333'; Build Type 'Release'
OS: 'Windows 11  (10.0.22621) 64bit CoreSingleLanguage' Language: 'en' Physical Memory: 7530 MB
BatchMode: 1, IsHumanControllingUs: 0, StartBugReporterOnCrash: 0, Is64bit: 1, IsPro: 1

COMMAND LINE ARGUMENTS:
C:\Program Files\Unity\Hub\Editor\2021.3.18f1\Editor\Unity.exe
-adb2
-batchMode
-noUpm
-name
AssetImportWorker2
-projectPath
C:/Users/TeJeSwEe/Snow-Terrainn
-logFile
Logs/AssetImportWorker2.log
-srvPort
62142
Successfully changed project path to: C:/Users/TeJeSwEe/Snow-Terrainn
C:/Users/TeJeSwEe/Snow-Terrainn
[UnityMemory] Configuration Parameters - Can be set up in boot.config
    "memorysetup-bucket-allocator-granularity=16"
    "memorysetup-bucket-allocator-bucket-count=8"
    "memorysetup-bucket-allocator-block-size=33554432"
    "memorysetup-bucket-allocator-block-count=8"
    "memorysetup-main-allocator-block-size=16777216"
    "memorysetup-thread-allocator-block-size=16777216"
    "memorysetup-gfx-main-allocator-block-size=16777216"
    "memorysetup-gfx-thread-allocator-block-size=16777216"
    "memorysetup-cache-allocator-block-size=4194304"
    "memorysetup-typetree-allocator-block-size=2097152"
    "memorysetup-profiler-bucket-allocator-granularity=16"
    "memorysetup-profiler-bucket-allocator-bucket-count=8"
    "memorysetup-profiler-bucket-allocator-block-size=33554432"
    "memorysetup-profiler-bucket-allocator-block-count=8"
    "memorysetup-profiler-allocator-block-size=16777216"
    "memorysetup-profiler-editor-allocator-block-size=1048576"
    "memorysetup-temp-allocator-size-main=16777216"
    "memorysetup-job-temp-allocator-block-size=2097152"
    "memorysetup-job-temp-allocator-block-size-background=1048576"
    "memorysetup-job-temp-allocator-reduction-small-platforms=262144"
    "memorysetup-temp-allocator-size-background-worker=32768"
    "memorysetup-temp-allocator-size-job-worker=262144"
    "memorysetup-temp-allocator-size-preload-manager=33554432"
    "memorysetup-temp-allocator-size-nav-mesh-worker=65536"
    "memorysetup-temp-allocator-size-audio-worker=65536"
    "memorysetup-temp-allocator-size-cloud-worker=32768"
    "memorysetup-temp-allocator-size-gi-baking-worker=262144"
    "memorysetup-temp-allocator-size-gfx=262144"
Player connection [16000] Host "[IP] 192.168.56.1 [Port] 0 [Flags] 2 [Guid] 2523400357 [EditorId] 2523400357 [Version] 1048832 [Id] WindowsEditor(7,LAPTOP-AS9ILO3B) [Debug] 1 [PackageName] WindowsEditor [ProjectName] Editor" joined multi-casting on [225.0.0.222:54997]...

Player connection [16000] Host "[IP] 192.168.56.1 [Port] 0 [Flags] 2 [Guid] 2523400357 [EditorId] 2523400357 [Version] 1048832 [Id] WindowsEditor(7,LAPTOP-AS9ILO3B) [Debug] 1 [PackageName] WindowsEditor [ProjectName] Editor" joined alternative multi-casting on [225.0.0.222:34997]...

Refreshing native plugins compatible for Editor in 211.93 ms, found 3 plugins.
Preloading 0 native plugins for Editor in 0.00 ms.
Initialize engine version: 2021.3.18f1 (3129e69bc0c7)
[Subsystems] Discovering subsystems at path C:/Program Files/Unity/Hub/Editor/2021.3.18f1/Editor/Data/Resources/UnitySubsystems
[Subsystems] Discovering subsystems at path C:/Users/TeJeSwEe/Snow-Terrainn/Assets
GfxDevice: creating device client; threaded=0; jobified=0
Direct3D:
    Version:  Direct3D 11.0 [level 11.1]
    Renderer: NVIDIA GeForce GTX 1650 (ID=0x1f9d)
    Vendor:   NVIDIA
    VRAM:     3962 MB
    Driver:   27.21.14.5734
Initialize mono
Mono path[0] = 'C:/Program Files/Unity/Hub/Editor/2021.3.18f1/Editor/Data/Managed'
Mono path[1] = 'C:/Program Files/Unity/Hub/Editor/2021.3.18f1/Editor/Data/MonoBleedingEdge/lib/mono/unityjit-win32'
Mono config path = 'C:/Program Files/Unity/Hub/Editor/2021.3.18f1/Editor/Data/MonoBleedingEdge/etc'
Using monoOptions --debugger-agent=transport=dt_socket,embedding=1,server=y,suspend=n,address=127.0.0.1:56544
Begin MonoManager ReloadAssembly
Registering precompiled unity dll's ...
Register platform support module: C:/Program Files/Unity/Hub/Editor/2021.3.18f1/Editor/Data/PlaybackEngines/WebGLSupport/UnityEditor.WebGL.Extensions.dll
Register platform support module: C:/Program Files/Unity/Hub/Editor/2021.3.18f1/Editor/Data/PlaybackEngines/WindowsStandaloneSupport/UnityEditor.WindowsStandalone.Extensions.dll
Registered in 0.011321 seconds.
Native extension for WindowsStandalone target not found
Native extension for WebGL target not found
Refreshing native plugins compatible for Editor in 197.92 ms, found 3 plugins.
Preloading 0 native plugins for Editor in 0.00 ms.
Mono: successfully reloaded assembly
- Completed reload, in  1.477 seconds
Domain Reload Profiling:
	ReloadAssembly (1478ms)
		BeginReloadAssembly (166ms)
			ExecutionOrderSort (0ms)
			DisableScriptedObjects (0ms)
			BackupInstance (0ms)
			ReleaseScriptingObjects (0ms)
			CreateAndSetChildDomain (1ms)
		EndReloadAssembly (1057ms)
			LoadAssemblies (162ms)
			RebuildTransferFunctionScriptingTraits (0ms)
			SetupTypeCache (239ms)
			ReleaseScriptCaches (0ms)
			RebuildScriptCaches (76ms)
			SetupLoadedEditorAssemblies (623ms)
				LogAssemblyErrors (0ms)
				InitializePlatformSupportModulesInManaged (27ms)
				SetLoadedEditorAssemblies (0ms)
				RefreshPlugins (198ms)
				BeforeProcessingInitializeOnLoad (3ms)
				ProcessInitializeOnLoadAttributes (290ms)
				ProcessInitializeOnLoadMethodAttributes (105ms)
				AfterProcessingInitializeOnLoad (0ms)
				EditorAssembliesLoaded (0ms)
			ExecutionOrderSort2 (0ms)
			AwakeInstancesAfterBackupRestoration (0ms)
Platform modules already initialized, skipping
Registering precompiled user dll's ...
Registered in 0.011094 seconds.
Begin MonoManager ReloadAssembly
Symbol file LoadedFromMemory doesn't match image C:\Users\TeJeSwEe\Snow-Terrainn\Library\PackageCache\com.unity.visualscripting@1.8.0\Editor\VisualScripting.Core\Dependencies\YamlDotNet\Unity.VisualScripting.YamlDotNet.dll
Symbol file LoadedFromMemory doesn't match image C:\Users\TeJeSwEe\Snow-Terrainn\Library\PackageCache\com.unity.visualscripting@1.8.0\Editor\VisualScripting.Core\Dependencies\DotNetZip\Unity.VisualScripting.IonicZip.dll
Native extension for WindowsStandalone target not found
Native extension for WebGL target not found
Refreshing native plugins compatible for Editor in 0.97 ms, found 3 plugins.
Preloading 0 native plugins for Editor in 0.00 ms.
Mono: successfully reloaded assembly
- Completed reload, in  2.360 seconds
Domain Reload Profiling:
	ReloadAssembly (2362ms)
		BeginReloadAssembly (242ms)
			ExecutionOrderSort (0ms)
			DisableScriptedObjects (13ms)
			BackupInstance (0ms)
			ReleaseScriptingObjects (0ms)
			CreateAndSetChildDomain (40ms)
		EndReloadAssembly (1843ms)
			LoadAssemblies (178ms)
			RebuildTransferFunctionScriptingTraits (0ms)
			SetupTypeCache (663ms)
			ReleaseScriptCaches (1ms)
			RebuildScriptCaches (135ms)
			SetupLoadedEditorAssemblies (765ms)
				LogAssemblyErrors (0ms)
				InitializePlatformSupportModulesInManaged (16ms)
				SetLoadedEditorAssemblies (1ms)
				RefreshPlugins (1ms)
				BeforeProcessingInitializeOnLoad (187ms)
				ProcessInitializeOnLoadAttributes (496ms)
				ProcessInitializeOnLoadMethodAttributes (51ms)
				AfterProcessingInitializeOnLoad (13ms)
				EditorAssembliesLoaded (0ms)
			ExecutionOrderSort2 (0ms)
			AwakeInstancesAfterBackupRestoration (12ms)
Platform modules already initialized, skipping
========================================================================
Worker process is ready to serve import requests
Launched and connected shader compiler UnityShaderCompiler.exe after 0.14 seconds
Refreshing native plugins compatible for Editor in 1.94 ms, found 3 plugins.
Preloading 0 native plugins for Editor in 0.00 ms.
Unloading 3061 Unused Serialized files (Serialized files now loaded: 0)
Unloading 24 unused Assets / (113.4 KB). Loaded Objects now: 3522.
Memory consumption went from 125.2 MB to 125.1 MB.
Total: 11.739000 ms (FindLiveObjects: 1.019600 ms CreateObjectMapping: 0.510100 ms MarkObjects: 9.884100 ms  DeleteObjects: 0.321700 ms)

AssetImportParameters requested are different than current active one (requested -> active):
  custom:video-decoder-ogg-theora: a1e56fd34408186e4bbccfd4996cb3dc -> 
  custom:container-muxer-webm: aa71ff27fc2769a1b78a27578f13a17b -> 
  custom:container-demuxer-webm: 4f35f7cbe854078d1ac9338744f61a02 -> 
  custom:video-encoder-webm-vp8: eb34c28f22e8b96e1ab97ce403110664 -> 
  custom:audio-encoder-webm-vorbis: bf7c407c2cedff20999df2af8eb42d56 -> 
  custom:framework-win-MediaFoundation: 216162199b28c13a410421893ffa2e32 -> 
  custom:container-demuxer-ogg: 62fdf1f143b41e24485cea50d1cbac27 -> 
  custom:video-decoder-webm-vp8: 9c59270c3fd7afecdb556c50c9e8de78 -> 
  custom:audio-decoder-ogg-vorbis: bf7c407c2cedff20999df2af8eb42d56 -> 
========================================================================
Received Import Request.
  Time since last request: 90140.224246 seconds.
  path: Assets/Fantasy Skybox FREE
  artifactKey: Guid(2245f270e438f4f4c9112530b5fe5ab4) Importer(815301076,1909f56bfc062723c751e8b465ee728b)
Start importing Assets/Fantasy Skybox FREE using Guid(2245f270e438f4f4c9112530b5fe5ab4) Importer(815301076,1909f56bfc062723c751e8b465ee728b)  -> (artifact id: '1ccce5496df464338e27cfb3ae77c02c') in 0.033395 seconds 
========================================================================
Received Import Request.
  Time since last request: 0.000087 seconds.
  path: Assets/Paid
  artifactKey: Guid(a84319394d88ec14c9311182c055403a) Importer(815301076,1909f56bfc062723c751e8b465ee728b)
Start importing Assets/Paid using Guid(a84319394d88ec14c9311182c055403a) Importer(815301076,1909f56bfc062723c751e8b465ee728b)  -> (artifact id: '96f68cd49917e8ee6cc5c1e9cf37a0ac') in 0.019163 seconds 
========================================================================
Received Import Request.
  Time since last request: 3.092222 seconds.
  path: Assets/Scenes
  artifactKey: Guid(6ea315d0fd7389c41b19996891e99ae3) Importer(815301076,1909f56bfc062723c751e8b465ee728b)
Start importing Assets/Scenes using Guid(6ea315d0fd7389c41b19996891e99ae3) Importer(815301076,1909f56bfc062723c751e8b465ee728b)  -> (artifact id: 'b8193726cff86800c54781cdc6d54904') in 0.018464 seconds 
========================================================================
Received Import Request.
  Time since last request: 154.774930 seconds.
  path: Assets/Paid/Snowy Cliff Materials Pack
  artifactKey: Guid(4391ade615972254bb46689df2b89d9e) Importer(815301076,1909f56bfc062723c751e8b465ee728b)
Start importing Assets/Paid/Snowy Cliff Materials Pack using Guid(4391ade615972254bb46689df2b89d9e) Importer(815301076,1909f56bfc062723c751e8b465ee728b)  -> (artifact id: '82160ec989b3588ab43c4bf5ac8eefe4') in 0.016121 seconds 
========================================================================
Received Import Request.
  Time since last request: 165.968452 seconds.
  path: Assets/Conifers [BOTD]/Shared Sources/Textures/BODT Conifer  Branches [Albedo] [Smoothness].tif
  artifactKey: Guid(5597dc21a8aed4e7ba2c0f93dc4b1d98) Importer(815301076,1909f56bfc062723c751e8b465ee728b)
Start importing Assets/Conifers [BOTD]/Shared Sources/Textures/BODT Conifer  Branches [Albedo] [Smoothness].tif using Guid(5597dc21a8aed4e7ba2c0f93dc4b1d98) Importer(815301076,1909f56bfc062723c751e8b465ee728b)  -> (artifact id: 'c3a77af2b3ea0a123e86081a9ced2443') in 0.237529 seconds 
========================================================================
Received Import Request.
  Time since last request: 0.000065 seconds.
  path: Assets/Fantasy Skybox FREE/Scenes/Brush_Flower.png
  artifactKey: Guid(0d383f0cd0395064eb4b64619b2840f3) Importer(815301076,1909f56bfc062723c751e8b465ee728b)
Start importing Assets/Fantasy Skybox FREE/Scenes/Brush_Flower.png using Guid(0d383f0cd0395064eb4b64619b2840f3) Importer(815301076,1909f56bfc062723c751e8b465ee728b)  -> (artifact id: 'c03d662675cb4c374fc5862e7fb15389') in 0.088632 seconds 
========================================================================
Received Import Request.
  Time since last request: 0.000061 seconds.
  path: Assets/Conifers [BOTD]/Shared Sources/Textures/BODT Conifer x Stump [Normal] [AO] [Specular].tif
  artifactKey: Guid(7292f645408434cb896aaee2fd9c2a14) Importer(815301076,1909f56bfc062723c751e8b465ee728b)
Start importing Assets/Conifers [BOTD]/Shared Sources/Textures/BODT Conifer x Stump [Normal] [AO] [Specular].tif using Guid(7292f645408434cb896aaee2fd9c2a14) Importer(815301076,1909f56bfc062723c751e8b465ee728b)  -> (artifact id: 'e71d1ecf50aec507621c1672a2a2e29b') in 0.047048 seconds 
========================================================================
Received Import Request.
  Time since last request: 0.000038 seconds.
  path: Assets/Conifers [BOTD]/Shared Sources/Textures/BODT Conifer Branches_Normal combined.tif
  artifactKey: Guid(d7dcdeeae2a5d4c6f8e5328e09728b47) Importer(815301076,1909f56bfc062723c751e8b465ee728b)
Start importing Assets/Conifers [BOTD]/Shared Sources/Textures/BODT Conifer Branches_Normal combined.tif using Guid(d7dcdeeae2a5d4c6f8e5328e09728b47) Importer(815301076,1909f56bfc062723c751e8b465ee728b)  -> (artifact id: 'ee722b6f64c3e99c89fec677410a8983') in 0.035569 seconds 
========================================================================
Received Import Request.
  Time since last request: 0.138616 seconds.
  path: Assets/Fantasy Skybox FREE/Scenes/Brush_Grass_01.png
  artifactKey: Guid(e3970f24555e12a46b75cdf5140ff23e) Importer(815301076,1909f56bfc062723c751e8b465ee728b)
Start importing Assets/Fantasy Skybox FREE/Scenes/Brush_Grass_01.png using Guid(e3970f24555e12a46b75cdf5140ff23e) Importer(815301076,1909f56bfc062723c751e8b465ee728b)  -> (artifact id: '54aacc949a19a733fa1bb5b66067ae33') in 0.040673 seconds 
========================================================================
Received Import Request.
  Time since last request: 0.341093 seconds.
  path: Packages/com.unity.textmeshpro/Editor Resources/Textures/btn_AlignBaseLine.psd
  artifactKey: Guid(8bc445bb79654bf496c92d0407840a92) Importer(815301076,1909f56bfc062723c751e8b465ee728b)
Start importing Packages/com.unity.textmeshpro/Editor Resources/Textures/btn_AlignBaseLine.psd using Guid(8bc445bb79654bf496c92d0407840a92) Importer(815301076,1909f56bfc062723c751e8b465ee728b)  -> (artifact id: 'aa8201d79be9fc423d6f7f3d6d815a96') in 0.104122 seconds 
========================================================================
Received Import Request.
  Time since last request: 0.000039 seconds.
  path: Packages/com.unity.textmeshpro/Editor Resources/Textures/btn_AlignBottom.psd
  artifactKey: Guid(ca51b19024094d1b87f3e07edb0a75fb) Importer(815301076,1909f56bfc062723c751e8b465ee728b)
Start importing Packages/com.unity.textmeshpro/Editor Resources/Textures/btn_AlignBottom.psd using Guid(ca51b19024094d1b87f3e07edb0a75fb) Importer(815301076,1909f56bfc062723c751e8b465ee728b)  -> (artifact id: '688a0ac957d3505814a3661651efcf76') in 0.045244 seconds 
========================================================================
Received Import Request.
  Time since last request: 0.554665 seconds.
  path: Packages/com.unity.textmeshpro/Editor Resources/Textures/btn_AlignCenter.psd
  artifactKey: Guid(81ed8c76d2bc4a4c95d092c98af4e58f) Importer(815301076,1909f56bfc062723c751e8b465ee728b)
Start importing Packages/com.unity.textmeshpro/Editor Resources/Textures/btn_AlignCenter.psd using Guid(81ed8c76d2bc4a4c95d092c98af4e58f) Importer(815301076,1909f56bfc062723c751e8b465ee728b)  -> (artifact id: 'aede8093aac20b33f19bb27205017204') in 0.044004 seconds 
========================================================================
Received Import Request.
  Time since last request: 0.035600 seconds.
  path: Packages/com.unity.textmeshpro/Editor Resources/Textures/btn_AlignCenterGeo.psd
  artifactKey: Guid(c76700ea0062413d9f69409b4e9e151b) Importer(815301076,1909f56bfc062723c751e8b465ee728b)
Start importing Packages/com.unity.textmeshpro/Editor Resources/Textures/btn_AlignCenterGeo.psd using Guid(c76700ea0062413d9f69409b4e9e151b) Importer(815301076,1909f56bfc062723c751e8b465ee728b)  -> (artifact id: 'd17bb311e1048bbab1128cbcad5ba461') in 0.036771 seconds 
========================================================================
Received Import Request.
  Time since last request: 0.000053 seconds.
  path: Packages/com.unity.textmeshpro/Editor Resources/Textures/btn_AlignFlush.psd
  artifactKey: Guid(691475c57a824010be0c6f474caeb7e1) Importer(815301076,1909f56bfc062723c751e8b465ee728b)
Start importing Packages/com.unity.textmeshpro/Editor Resources/Textures/btn_AlignFlush.psd using Guid(691475c57a824010be0c6f474caeb7e1) Importer(815301076,1909f56bfc062723c751e8b465ee728b)  -> (artifact id: '75fe30df852767926f8b3227b2e5b618') in 0.042340 seconds 
========================================================================
Received Import Request.
  Time since last request: 3.258769 seconds.
  path: Packages/com.unity.textmeshpro/Editor Resources/Textures/btn_AlignJustified.psd
  artifactKey: Guid(92027f7f8cfc4feaa477da0dc38d3d46) Importer(815301076,1909f56bfc062723c751e8b465ee728b)
Start importing Packages/com.unity.textmeshpro/Editor Resources/Textures/btn_AlignJustified.psd using Guid(92027f7f8cfc4feaa477da0dc38d3d46) Importer(815301076,1909f56bfc062723c751e8b465ee728b)  -> (artifact id: '88eab5b378584069bfa2518cd079c6d9') in 0.050014 seconds 
========================================================================
Received Import Request.
  Time since last request: 0.231403 seconds.
  path: Packages/com.unity.textmeshpro/Editor Resources/Textures/btn_AlignLeft.psd
  artifactKey: Guid(9288066c33474b94b6ee5465f4df1cc0) Importer(815301076,1909f56bfc062723c751e8b465ee728b)
Start importing Packages/com.unity.textmeshpro/Editor Resources/Textures/btn_AlignLeft.psd using Guid(9288066c33474b94b6ee5465f4df1cc0) Importer(815301076,1909f56bfc062723c751e8b465ee728b)  -> (artifact id: '5baf3df44971ee5afeacf7ed816872d4') in 0.040936 seconds 
========================================================================
Received Import Request.
  Time since last request: 0.000048 seconds.
  path: Packages/com.unity.textmeshpro/Editor Resources/Textures/btn_AlignMiddle_Light.psd
  artifactKey: Guid(066619c9c9c84f89acb1b48c11a7efe2) Importer(815301076,1909f56bfc062723c751e8b465ee728b)
Start importing Packages/com.unity.textmeshpro/Editor Resources/Textures/btn_AlignMiddle_Light.psd using Guid(066619c9c9c84f89acb1b48c11a7efe2) Importer(815301076,1909f56bfc062723c751e8b465ee728b)  -> (artifact id: '2e6194476e9efb50269cfad29a426b5e') in 0.041311 seconds 
========================================================================
Received Import Request.
  Time since last request: 0.000044 seconds.
  path: Packages/com.unity.textmeshpro/Editor Resources/Textures/btn_AlignMidLine.psd
  artifactKey: Guid(c2f7f6a88b4c4f20a53deb72f3d9144c) Importer(815301076,1909f56bfc062723c751e8b465ee728b)
Start importing Packages/com.unity.textmeshpro/Editor Resources/Textures/btn_AlignMidLine.psd using Guid(c2f7f6a88b4c4f20a53deb72f3d9144c) Importer(815301076,1909f56bfc062723c751e8b465ee728b)  -> (artifact id: '4e609720ea0587dc2307dc23bb2ed8c1') in 0.038701 seconds 
========================================================================
Received Import Request.
  Time since last request: 0.000044 seconds.
  path: Packages/com.unity.textmeshpro/Editor Resources/Textures/btn_AlignRight_Light.psd
  artifactKey: Guid(e05ace3bd15740cda0bad60d89092a5b) Importer(815301076,1909f56bfc062723c751e8b465ee728b)
Start importing Packages/com.unity.textmeshpro/Editor Resources/Textures/btn_AlignRight_Light.psd using Guid(e05ace3bd15740cda0bad60d89092a5b) Importer(815301076,1909f56bfc062723c751e8b465ee728b)  -> (artifact id: '215b1d54a9f89e17ffcf8907f0a5b953') in 0.048167 seconds 
========================================================================
Received Import Request.
  Time since last request: 0.153025 seconds.
  path: Packages/com.unity.textmeshpro/Editor Resources/Textures/btn_AlignTop.psd
  artifactKey: Guid(48d034c499ee4697af9dd6e327110249) Importer(815301076,1909f56bfc062723c751e8b465ee728b)
Start importing Packages/com.unity.textmeshpro/Editor Resources/Textures/btn_AlignTop.psd using Guid(48d034c499ee4697af9dd6e327110249) Importer(815301076,1909f56bfc062723c751e8b465ee728b)  -> (artifact id: '69ac413dd7cf2da7ea3f4cc05686200f') in 0.037788 seconds 
========================================================================
Received Import Request.
  Time since last request: 0.000043 seconds.
  path: Packages/com.unity.collab-proxy/Editor/PlasticSCM/Assets/Images/buttonssosigninunity.png
  artifactKey: Guid(f9161c6c9e06dc445ada3ee16d991f90) Importer(815301076,1909f56bfc062723c751e8b465ee728b)
Start importing Packages/com.unity.collab-proxy/Editor/PlasticSCM/Assets/Images/buttonssosigninunity.png using Guid(f9161c6c9e06dc445ada3ee16d991f90) Importer(815301076,1909f56bfc062723c751e8b465ee728b)  -> (artifact id: 'a82f4e16a42edbc51948a4d73c79b2da') in 0.120560 seconds 
========================================================================
Received Import Request.
  Time since last request: 0.000053 seconds.
  path: Assets/Paid/Snowy Cliff Materials Pack/Textures/CliffSnow 1/Cliff Snow 1_4K_AO.tga
  artifactKey: Guid(c23fc706fd7a08646a03ca5cd834122e) Importer(815301076,1909f56bfc062723c751e8b465ee728b)
Start importing Assets/Paid/Snowy Cliff Materials Pack/Textures/CliffSnow 1/Cliff Snow 1_4K_AO.tga using Guid(c23fc706fd7a08646a03ca5cd834122e) Importer(815301076,1909f56bfc062723c751e8b465ee728b)  -> (artifact id: '8d80f723da8aaff2b1dbdb64750dae6b') in 0.042518 seconds 
========================================================================
Received Import Request.
  Time since last request: 0.000101 seconds.
  path: Packages/com.unity.collab-proxy/Editor/PlasticSCM/Assets/Images/buttonssosigninemail@2x.png
  artifactKey: Guid(ddf2e76e8a1f88f46ae1e42277850b48) Importer(815301076,1909f56bfc062723c751e8b465ee728b)
Start importing Packages/com.unity.collab-proxy/Editor/PlasticSCM/Assets/Images/buttonssosigninemail@2x.png using Guid(ddf2e76e8a1f88f46ae1e42277850b48) Importer(815301076,1909f56bfc062723c751e8b465ee728b)  -> (artifact id: '82d5994b4deefa3bbd7ab2985595f882') in 0.048437 seconds 
========================================================================
Received Import Request.
  Time since last request: 0.050411 seconds.
  path: Assets/Paid/Snowy Cliff Materials Pack/Textures/CliffSnow 1/Cliff Snow 1_4K_Displacement.tga
  artifactKey: Guid(0b575703836ce0c4795a754c3b588392) Importer(815301076,1909f56bfc062723c751e8b465ee728b)
Start importing Assets/Paid/Snowy Cliff Materials Pack/Textures/CliffSnow 1/Cliff Snow 1_4K_Displacement.tga using Guid(0b575703836ce0c4795a754c3b588392) Importer(815301076,1909f56bfc062723c751e8b465ee728b)  -> (artifact id: '8995516d2bd6ebbb21141ddc32ddcd49') in 0.051095 seconds 
========================================================================
Received Import Request.
  Time since last request: 0.000044 seconds.
  path: Assets/Paid/Snowy Cliff Materials Pack/Textures/CliffSnow 1/Cliff Snow 1_4K_Metalness.tga
  artifactKey: Guid(247285d16d53d3548998e70036f9c727) Importer(815301076,1909f56bfc062723c751e8b465ee728b)
Start importing Assets/Paid/Snowy Cliff Materials Pack/Textures/CliffSnow 1/Cliff Snow 1_4K_Metalness.tga using Guid(247285d16d53d3548998e70036f9c727) Importer(815301076,1909f56bfc062723c751e8b465ee728b)  -> (artifact id: 'd69422dc70398a7fb014fd613182b07a') in 0.053533 seconds 
========================================================================
Received Import Request.
  Time since last request: 0.000072 seconds.
  path: Assets/Paid/Snowy Cliff Materials Pack/Textures/CliffSnow 2/Cliff Snow 2_4K_Metalness.tga
  artifactKey: Guid(e4f127de3f4da6f4a9f67a22c4cb15b8) Importer(815301076,1909f56bfc062723c751e8b465ee728b)
Start importing Assets/Paid/Snowy Cliff Materials Pack/Textures/CliffSnow 2/Cliff Snow 2_4K_Metalness.tga using Guid(e4f127de3f4da6f4a9f67a22c4cb15b8) Importer(815301076,1909f56bfc062723c751e8b465ee728b)  -> (artifact id: '5db92d33fda6c8b25fdd440d646a14fb') in 0.035272 seconds 
========================================================================
Received Import Request.
  Time since last request: 0.000079 seconds.
  path: Assets/Paid/Snowy Cliff Materials Pack/Textures/CliffSnow 1/Cliff Snow 1_4K_Roughness.tga
  artifactKey: Guid(c9acebc5a5ff57643a122645a5dca326) Importer(815301076,1909f56bfc062723c751e8b465ee728b)
Start importing Assets/Paid/Snowy Cliff Materials Pack/Textures/CliffSnow 1/Cliff Snow 1_4K_Roughness.tga using Guid(c9acebc5a5ff57643a122645a5dca326) Importer(815301076,1909f56bfc062723c751e8b465ee728b)  -> (artifact id: '53577d12ba78ff221f79cd28bc8e9f2e') in 0.047918 seconds 
========================================================================
Received Import Request.
  Time since last request: 0.000052 seconds.
  path: Assets/Paid/Snowy Cliff Materials Pack/Textures/CliffSnow 2/Cliff Snow 2_4K_Albedo.tga
  artifactKey: Guid(83cb4731d29f51342bb42c176efa8a0a) Importer(815301076,1909f56bfc062723c751e8b465ee728b)
Start importing Assets/Paid/Snowy Cliff Materials Pack/Textures/CliffSnow 2/Cliff Snow 2_4K_Albedo.tga using Guid(83cb4731d29f51342bb42c176efa8a0a) Importer(815301076,1909f56bfc062723c751e8b465ee728b)  -> (artifact id: '126f8502e4d07dcfe511649577ecc309') in 0.043823 seconds 
========================================================================
Received Import Request.
  Time since last request: 0.081181 seconds.
  path: Assets/Paid/Snowy Cliff Materials Pack/Textures/CliffSnow 2/Cliff Snow 2_4K_Normal.tga
  artifactKey: Guid(9594c1b6b96ba6340a5d8b5041a5b4e4) Importer(815301076,1909f56bfc062723c751e8b465ee728b)
Start importing Assets/Paid/Snowy Cliff Materials Pack/Textures/CliffSnow 2/Cliff Snow 2_4K_Normal.tga using Guid(9594c1b6b96ba6340a5d8b5041a5b4e4) Importer(815301076,1909f56bfc062723c751e8b465ee728b)  -> (artifact id: '4c579b3934031089a4d8bfac692d135c') in 0.049760 seconds 
========================================================================
Received Import Request.
  Time since last request: 0.000115 seconds.
  path: Assets/Paid/Snowy Cliff Materials Pack/Textures/CliffSnow 3/Cliff Snow 3_4K_AO.tga
  artifactKey: Guid(0e4ce1b9887839247a99f2b6f4745e50) Importer(815301076,1909f56bfc062723c751e8b465ee728b)
Start importing Assets/Paid/Snowy Cliff Materials Pack/Textures/CliffSnow 3/Cliff Snow 3_4K_AO.tga using Guid(0e4ce1b9887839247a99f2b6f4745e50) Importer(815301076,1909f56bfc062723c751e8b465ee728b)  -> (artifact id: '137dbafc7a096644732efe069b1fcbc2') in 0.045138 seconds 
========================================================================
Received Import Request.
  Time since last request: 171.676432 seconds.
  path: Assets/Paid/Snowy Cliff Materials Pack/Materials/Cliff1 Tess Demo.mat
  artifactKey: Guid(55fbc16a57548b34dbf49b3d855d97d0) Importer(815301076,1909f56bfc062723c751e8b465ee728b)
Start importing Assets/Paid/Snowy Cliff Materials Pack/Materials/Cliff1 Tess Demo.mat using Guid(55fbc16a57548b34dbf49b3d855d97d0) Importer(815301076,1909f56bfc062723c751e8b465ee728b)  -> (artifact id: 'b31e0b58eb513fd59853163f6773c72a') in 0.159833 seconds 
========================================================================
Received Import Request.
  Time since last request: 0.000066 seconds.
  path: Assets/Paid/Snowy Cliff Materials Pack/Materials/Cliff3 Displacement.mat
  artifactKey: Guid(740df122ddd668f4cb51cb72d94452e6) Importer(815301076,1909f56bfc062723c751e8b465ee728b)
Start importing Assets/Paid/Snowy Cliff Materials Pack/Materials/Cliff3 Displacement.mat using Guid(740df122ddd668f4cb51cb72d94452e6) Importer(815301076,1909f56bfc062723c751e8b465ee728b)  -> (artifact id: '14e409ad755cb0a7bb92c440eb77d992') in 0.617736 seconds 
========================================================================
Received Import Request.
  Time since last request: 0.000087 seconds.
  path: Assets/Paid/Snowy Cliff Materials Pack/Materials/Cliff2 Tess Demo.mat
  artifactKey: Guid(f54e37389fd835a49a79e6eeaf89ec56) Importer(815301076,1909f56bfc062723c751e8b465ee728b)
Start importing Assets/Paid/Snowy Cliff Materials Pack/Materials/Cliff2 Tess Demo.mat using Guid(f54e37389fd835a49a79e6eeaf89ec56) Importer(815301076,1909f56bfc062723c751e8b465ee728b)  -> (artifact id: '95646add8835a2bc2b2e0b6106278f61') in 0.075107 seconds 
========================================================================
Received Import Request.
  Time since last request: 0.000049 seconds.
  path: Assets/Paid/Snowy Cliff Materials Pack/Materials/Cliff2 Displacement.mat
  artifactKey: Guid(c66443d868d051a40b467e1c3f4d1642) Importer(815301076,1909f56bfc062723c751e8b465ee728b)
Start importing Assets/Paid/Snowy Cliff Materials Pack/Materials/Cliff2 Displacement.mat using Guid(c66443d868d051a40b467e1c3f4d1642) Importer(815301076,1909f56bfc062723c751e8b465ee728b)  -> (artifact id: '5e2fafadd1cad77086d353d4c6724eee') in 0.079855 seconds 
========================================================================
Received Import Request.
  Time since last request: 14.992189 seconds.
  path: Assets/Paid/Snowy Cliff Materials Pack/Textures/CliffSnow 3/Cliff Snow 3_4K_Gloss.tga
  artifactKey: Guid(e4672c51ad331794d9908baf02c1bcfa) Importer(815301076,1909f56bfc062723c751e8b465ee728b)
Start importing Assets/Paid/Snowy Cliff Materials Pack/Textures/CliffSnow 3/Cliff Snow 3_4K_Gloss.tga using Guid(e4672c51ad331794d9908baf02c1bcfa) Importer(815301076,1909f56bfc062723c751e8b465ee728b)  -> (artifact id: '73df5f921d0793857de4ea4f866208a7') in 0.034621 seconds 
========================================================================
Received Import Request.
  Time since last request: 0.000142 seconds.
  path: Assets/Paid/Snowy Cliff Materials Pack/Textures/CliffSnow 3/Cliff Snow 3_4K_Roughness.tga
  artifactKey: Guid(28737d438e8d72441bc6fab133ef42f1) Importer(815301076,1909f56bfc062723c751e8b465ee728b)
Start importing Assets/Paid/Snowy Cliff Materials Pack/Textures/CliffSnow 3/Cliff Snow 3_4K_Roughness.tga using Guid(28737d438e8d72441bc6fab133ef42f1) Importer(815301076,1909f56bfc062723c751e8b465ee728b)  -> (artifact id: 'fad63dbf392c05ebf96f197fee665221') in 0.043960 seconds 
Editor requested this worker to shutdown with reason: Scaling down because of idle timeout
AssetImportWorker is now disconnected from the server
Process exiting
Exiting without the bug reporter. Application will terminate with return code 0